<?xml version="1.0" encoding="UTF-8"?>
<!-- Generated by org.testng.reporters.JUnitReportReporter -->
<testsuite hostname="LAPTOP-ANBA6IRE" name="weekone.FacebookSignup" tests="1" failures="0" timestamp="3 Mar 2020 16:42:18 GMT" time="28.701" errors="0">
  <testcase name="fb" time="28.701" classname="weekone.FacebookSignup"/>
</testsuite> <!-- weekone.FacebookSignup -->
